[INFO] WRKDIR=/scratch.global/and02709/second_python
[INFO] KFOLDS=5
[INFO] EPSILON=1
[INFO] FILEDIR=/scratch.global/and02709/second_python
[INFO] PWRDATA=/scratch.global/and02709/second_python/pwr_data
[INFO] SLURM_JOB_ID=45400195
[INFO] SLURM_SUBMIT_DIR=/scratch.global/and02709/second_python
[SUBMIT] pwr_index_file
  script: --wait /scratch.global/and02709/second_python/pwr_index_file.sh /scratch.global/and02709/second_python /scratch.global/and02709/second_python
  out:    /scratch.global/and02709/second_python/OUT/pwr_index_file_%A_%a.out
  err:    /scratch.global/and02709/second_python/ERR/pwr_index_file_%A_%a.err
  extra:  <none>
[CMD] sbatch --parsable --chdir=/scratch.global/and02709/second_python/pwr_data --time=1:00:00 --mem=4GB --cpus-per-task=1 -N 1 --output=/scratch.global/and02709/second_python/OUT/pwr_index_file_%A_%a.out --error=/scratch.global/and02709/second_python/ERR/pwr_index_file_%A_%a.err  --wait /scratch.global/and02709/second_python/pwr_index_file.sh /scratch.global/and02709/second_python /scratch.global/and02709/second_python
sbatch: Setting account: gdc
[JOB] pwr_index_file -> 45400196
[SCONTROL] StdOut=/scratch.global/and02709/second_python/OUT/pwr_index_file_45400196_4294967294.out
[SCONTROL] StdErr=/scratch.global/and02709/second_python/ERR/pwr_index_file_45400196_4294967294.err
[INFO] NINDEX=6806 CHUNK_SIZE=100 NJOBS=69
[SUBMIT] pwr_setup
  script: --wait /scratch.global/and02709/second_python/pwr_setup.sh /scratch.global/and02709/second_python /scratch.global/and02709/second_python
  out:    /scratch.global/and02709/second_python/OUT/pwr_setup_%A_%a.out
  err:    /scratch.global/and02709/second_python/ERR/pwr_setup_%A_%a.err
  extra:  <none>
[CMD] sbatch --parsable --chdir=/scratch.global/and02709/second_python/pwr_data --time=1:00:00 --mem=16GB --cpus-per-task=2 -N 1 --output=/scratch.global/and02709/second_python/OUT/pwr_setup_%A_%a.out --error=/scratch.global/and02709/second_python/ERR/pwr_setup_%A_%a.err  --wait /scratch.global/and02709/second_python/pwr_setup.sh /scratch.global/and02709/second_python /scratch.global/and02709/second_python
sbatch: Setting account: gdc
[JOB] pwr_setup -> 45400202
[SCONTROL] StdOut=/scratch.global/and02709/second_python/OUT/pwr_setup_45400202_4294967294.out
[SCONTROL] StdErr=/scratch.global/and02709/second_python/ERR/pwr_setup_45400202_4294967294.err
[SUBMIT] pwr_sub_python
  script: --array=1-69 --wait /scratch.global/and02709/second_python/pwr_sub_python.sh /scratch.global/and02709/second_python 100 6806 /scratch.global/and02709/second_python
  out:    /scratch.global/and02709/second_python/OUT/pwr_sub_python_%A_%a.out
  err:    /scratch.global/and02709/second_python/ERR/pwr_sub_python_%A_%a.err
  extra:  <none>
[CMD] sbatch --parsable --chdir=/scratch.global/and02709/second_python/pwr_data --time=10:00:00 --mem=16GB --cpus-per-task=2 -N 1 --output=/scratch.global/and02709/second_python/OUT/pwr_sub_python_%A_%a.out --error=/scratch.global/and02709/second_python/ERR/pwr_sub_python_%A_%a.err  --array=1-69 --wait /scratch.global/and02709/second_python/pwr_sub_python.sh /scratch.global/and02709/second_python 100 6806 /scratch.global/and02709/second_python
sbatch: Setting account: gdc
[JOB] pwr_sub_python -> 45400259
[SCONTROL] StdOut=/scratch.global/and02709/second_python/OUT/pwr_sub_python_45400259_69.out
/scratch.global/and02709/second_python/OUT/pwr_sub_python_45400259_57.out
/scratch.global/and02709/second_python/OUT/pwr_sub_python_45400259_56.out
/scratch.global/and02709/second_python/OUT/pwr_sub_python_45400259_55.out
/scratch.global/and02709/second_python/OUT/pwr_sub_python_45400259_53.out
/scratch.global/and02709/second_python/OUT/pwr_sub_python_45400259_51.out
/scratch.global/and02709/second_python/OUT/pwr_sub_python_45400259_50.out
[SCONTROL] StdErr=/scratch.global/and02709/second_python/ERR/pwr_sub_python_45400259_69.err
/scratch.global/and02709/second_python/ERR/pwr_sub_python_45400259_57.err
/scratch.global/and02709/second_python/ERR/pwr_sub_python_45400259_56.err
/scratch.global/and02709/second_python/ERR/pwr_sub_python_45400259_55.err
/scratch.global/and02709/second_python/ERR/pwr_sub_python_45400259_53.err
/scratch.global/and02709/second_python/ERR/pwr_sub_python_45400259_51.err
/scratch.global/and02709/second_python/ERR/pwr_sub_python_45400259_50.err
[SUBMIT] combine_data
  script: --wait /scratch.global/and02709/second_python/combine_data.sh /scratch.global/and02709/second_python /scratch.global/and02709/second_python
  out:    /scratch.global/and02709/second_python/OUT/combine_data_%A_%a.out
  err:    /scratch.global/and02709/second_python/ERR/combine_data_%A_%a.err
  extra:  <none>
[CMD] sbatch --parsable --chdir=/scratch.global/and02709/second_python/pwr_data --time=1:00:00 --mem=64GB --cpus-per-task=4 -N 1 --output=/scratch.global/and02709/second_python/OUT/combine_data_%A_%a.out --error=/scratch.global/and02709/second_python/ERR/combine_data_%A_%a.err  --wait /scratch.global/and02709/second_python/combine_data.sh /scratch.global/and02709/second_python /scratch.global/and02709/second_python
sbatch: Setting account: gdc
[JOB] combine_data -> 45405101
[SCONTROL] StdOut=/scratch.global/and02709/second_python/OUT/combine_data_45405101_4294967294.out
[SCONTROL] StdErr=/scratch.global/and02709/second_python/ERR/combine_data_45405101_4294967294.err
[INFO] full_*_cov.npy count=10
[SUBMIT] ridge
  script: --wait /scratch.global/and02709/second_python/ridge.sh /scratch.global/and02709/second_python /scratch.global/and02709/second_python
  out:    /scratch.global/and02709/second_python/OUT/ridge_%A_%a.out
  err:    /scratch.global/and02709/second_python/ERR/ridge_%A_%a.err
  extra:  <none>
[CMD] sbatch --parsable --chdir=/scratch.global/and02709/second_python/pwr_data --time=8:00:00 --mem=64GB --cpus-per-task=2 -N 1 --output=/scratch.global/and02709/second_python/OUT/ridge_%A_%a.out --error=/scratch.global/and02709/second_python/ERR/ridge_%A_%a.err  --wait /scratch.global/and02709/second_python/ridge.sh /scratch.global/and02709/second_python /scratch.global/and02709/second_python
sbatch: Setting account: gdc
[JOB] ridge -> 45405187
[SCONTROL] StdOut=/scratch.global/and02709/second_python/OUT/ridge_45405187_4294967294.out
[SCONTROL] StdErr=/scratch.global/and02709/second_python/ERR/ridge_45405187_4294967294.err
[INFO] NUMFILES=10
[SUBMIT] cvGen
  script: --array=1-10 --wait /scratch.global/and02709/second_python/cvGen.sh /scratch.global/and02709/second_python /scratch.global/and02709/second_python 10 5
  out:    /scratch.global/and02709/second_python/OUT/cvGen_%A_%a.out
  err:    /scratch.global/and02709/second_python/ERR/cvGen_%A_%a.err
  extra:  <none>
[CMD] sbatch --parsable --chdir=/scratch.global/and02709/second_python/pwr_data --time=1:00:00 --mem=16GB --cpus-per-task=2 -N 1 --output=/scratch.global/and02709/second_python/OUT/cvGen_%A_%a.out --error=/scratch.global/and02709/second_python/ERR/cvGen_%A_%a.err  --array=1-10 --wait /scratch.global/and02709/second_python/cvGen.sh /scratch.global/and02709/second_python /scratch.global/and02709/second_python 10 5
sbatch: Setting account: gdc
[JOB] cvGen -> 45405233
[SCONTROL] StdOut=/scratch.global/and02709/second_python/OUT/cvGen_45405233_10.out
/scratch.global/and02709/second_python/OUT/cvGen_45405233_9.out
/scratch.global/and02709/second_python/OUT/cvGen_45405233_8.out
/scratch.global/and02709/second_python/OUT/cvGen_45405233_7.out
[SCONTROL] StdErr=/scratch.global/and02709/second_python/ERR/cvGen_45405233_10.err
/scratch.global/and02709/second_python/ERR/cvGen_45405233_9.err
/scratch.global/and02709/second_python/ERR/cvGen_45405233_8.err
/scratch.global/and02709/second_python/ERR/cvGen_45405233_7.err
[SUBMIT] setupCVmetrics
  script: --wait /scratch.global/and02709/second_python/setupCVmetrics.sh /scratch.global/and02709/second_python /scratch.global/and02709/second_python
  out:    /scratch.global/and02709/second_python/OUT/setupCVmetrics_%A_%a.out
  err:    /scratch.global/and02709/second_python/ERR/setupCVmetrics_%A_%a.err
  extra:  <none>
[CMD] sbatch --parsable --chdir=/scratch.global/and02709/second_python/pwr_data --time=1:00:00 --mem=16GB --cpus-per-task=2 -N 1 --output=/scratch.global/and02709/second_python/OUT/setupCVmetrics_%A_%a.out --error=/scratch.global/and02709/second_python/ERR/setupCVmetrics_%A_%a.err  --wait /scratch.global/and02709/second_python/setupCVmetrics.sh /scratch.global/and02709/second_python /scratch.global/and02709/second_python
sbatch: Setting account: gdc
[JOB] setupCVmetrics -> 45406250
[SCONTROL] StdOut=/scratch.global/and02709/second_python/OUT/setupCVmetrics_45406250_4294967294.out
[SCONTROL] StdErr=/scratch.global/and02709/second_python/ERR/setupCVmetrics_45406250_4294967294.err
[INFO] NUMFFILES=50
[SUBMIT] cv
  script: --array=1-50 --wait /scratch.global/and02709/second_python/cv.sh /scratch.global/and02709/second_python /scratch.global/and02709/second_python 10 5 1
  out:    /scratch.global/and02709/second_python/OUT/cv_%A_%a.out
  err:    /scratch.global/and02709/second_python/ERR/cv_%A_%a.err
  extra:  <none>
[CMD] sbatch --parsable --chdir=/scratch.global/and02709/second_python/pwr_data --time=2:00:00 --mem=32GB --cpus-per-task=2 -N 1 --output=/scratch.global/and02709/second_python/OUT/cv_%A_%a.out --error=/scratch.global/and02709/second_python/ERR/cv_%A_%a.err  --array=1-50 --wait /scratch.global/and02709/second_python/cv.sh /scratch.global/and02709/second_python /scratch.global/and02709/second_python 10 5 1
sbatch: Setting account: gdc
[JOB] cv -> 45406327
[SCONTROL] StdOut=/scratch.global/and02709/second_python/OUT/cv_45406327_50.out
/scratch.global/and02709/second_python/OUT/cv_45406327_49.out
/scratch.global/and02709/second_python/OUT/cv_45406327_48.out
/scratch.global/and02709/second_python/OUT/cv_45406327_47.out
/scratch.global/and02709/second_python/OUT/cv_45406327_46.out
/scratch.global/and02709/second_python/OUT/cv_45406327_45.out
/scratch.global/and02709/second_python/OUT/cv_45406327_44.out
/scratch.global/and02709/second_python/OUT/cv_45406327_43.out
/scratch.global/and02709/second_python/OUT/cv_45406327_42.out
/scratch.global/and02709/second_python/OUT/cv_45406327_41.out
/scratch.global/and02709/second_python/OUT/cv_45406327_40.out
/scratch.global/and02709/second_python/OUT/cv_45406327_39.out
/scratch.global/and02709/second_python/OUT/cv_45406327_38.out
/scratch.global/and02709/second_python/OUT/cv_45406327_37.out
/scratch.global/and02709/second_python/OUT/cv_45406327_36.out
/scratch.global/and02709/second_python/OUT/cv_45406327_35.out
/scratch.global/and02709/second_python/OUT/cv_45406327_34.out
/scratch.global/and02709/second_python/OUT/cv_45406327_33.out
/scratch.global/and02709/second_python/OUT/cv_45406327_32.out
/scratch.global/and02709/second_python/OUT/cv_45406327_31.out
/scratch.global/and02709/second_python/OUT/cv_45406327_30.out
/scratch.global/and02709/second_python/OUT/cv_45406327_29.out
/scratch.global/and02709/second_python/OUT/cv_45406327_28.out
/scratch.global/and02709/second_python/OUT/cv_45406327_27.out
/scratch.global/and02709/second_python/OUT/cv_45406327_26.out
/scratch.global/and02709/second_python/OUT/cv_45406327_25.out
/scratch.global/and02709/second_python/OUT/cv_45406327_24.out
/scratch.global/and02709/second_python/OUT/cv_45406327_23.out
/scratch.global/and02709/second_python/OUT/cv_45406327_22.out
/scratch.global/and02709/second_python/OUT/cv_45406327_21.out
/scratch.global/and02709/second_python/OUT/cv_45406327_20.out
/scratch.global/and02709/second_python/OUT/cv_45406327_19.out
/scratch.global/and02709/second_python/OUT/cv_45406327_18.out
/scratch.global/and02709/second_python/OUT/cv_45406327_17.out
/scratch.global/and02709/second_python/OUT/cv_45406327_16.out
/scratch.global/and02709/second_python/OUT/cv_45406327_15.out
/scratch.global/and02709/second_python/OUT/cv_45406327_14.out
/scratch.global/and02709/second_python/OUT/cv_45406327_13.out
/scratch.global/and02709/second_python/OUT/cv_45406327_12.out
/scratch.global/and02709/second_python/OUT/cv_45406327_11.out
/scratch.global/and02709/second_python/OUT/cv_45406327_10.out
/scratch.global/and02709/second_python/OUT/cv_45406327_9.out
/scratch.global/and02709/second_python/OUT/cv_45406327_8.out
/scratch.global/and02709/second_python/OUT/cv_45406327_7.out
/scratch.global/and02709/second_python/OUT/cv_45406327_6.out
/scratch.global/and02709/second_python/OUT/cv_45406327_5.out
/scratch.global/and02709/second_python/OUT/cv_45406327_4.out
/scratch.global/and02709/second_python/OUT/cv_45406327_3.out
/scratch.global/and02709/second_python/OUT/cv_45406327_2.out
/scratch.global/and02709/second_python/OUT/cv_45406327_1.out
[SCONTROL] StdErr=/scratch.global/and02709/second_python/ERR/cv_45406327_50.err
/scratch.global/and02709/second_python/ERR/cv_45406327_49.err
/scratch.global/and02709/second_python/ERR/cv_45406327_48.err
/scratch.global/and02709/second_python/ERR/cv_45406327_47.err
/scratch.global/and02709/second_python/ERR/cv_45406327_46.err
/scratch.global/and02709/second_python/ERR/cv_45406327_45.err
/scratch.global/and02709/second_python/ERR/cv_45406327_44.err
/scratch.global/and02709/second_python/ERR/cv_45406327_43.err
/scratch.global/and02709/second_python/ERR/cv_45406327_42.err
/scratch.global/and02709/second_python/ERR/cv_45406327_41.err
/scratch.global/and02709/second_python/ERR/cv_45406327_40.err
/scratch.global/and02709/second_python/ERR/cv_45406327_39.err
/scratch.global/and02709/second_python/ERR/cv_45406327_38.err
/scratch.global/and02709/second_python/ERR/cv_45406327_37.err
/scratch.global/and02709/second_python/ERR/cv_45406327_36.err
/scratch.global/and02709/second_python/ERR/cv_45406327_35.err
/scratch.global/and02709/second_python/ERR/cv_45406327_34.err
/scratch.global/and02709/second_python/ERR/cv_45406327_33.err
/scratch.global/and02709/second_python/ERR/cv_45406327_32.err
/scratch.global/and02709/second_python/ERR/cv_45406327_31.err
/scratch.global/and02709/second_python/ERR/cv_45406327_30.err
/scratch.global/and02709/second_python/ERR/cv_45406327_29.err
/scratch.global/and02709/second_python/ERR/cv_45406327_28.err
/scratch.global/and02709/second_python/ERR/cv_45406327_27.err
/scratch.global/and02709/second_python/ERR/cv_45406327_26.err
/scratch.global/and02709/second_python/ERR/cv_45406327_25.err
/scratch.global/and02709/second_python/ERR/cv_45406327_24.err
/scratch.global/and02709/second_python/ERR/cv_45406327_23.err
/scratch.global/and02709/second_python/ERR/cv_45406327_22.err
/scratch.global/and02709/second_python/ERR/cv_45406327_21.err
/scratch.global/and02709/second_python/ERR/cv_45406327_20.err
/scratch.global/and02709/second_python/ERR/cv_45406327_19.err
/scratch.global/and02709/second_python/ERR/cv_45406327_18.err
/scratch.global/and02709/second_python/ERR/cv_45406327_17.err
/scratch.global/and02709/second_python/ERR/cv_45406327_16.err
/scratch.global/and02709/second_python/ERR/cv_45406327_15.err
/scratch.global/and02709/second_python/ERR/cv_45406327_14.err
/scratch.global/and02709/second_python/ERR/cv_45406327_13.err
/scratch.global/and02709/second_python/ERR/cv_45406327_12.err
/scratch.global/and02709/second_python/ERR/cv_45406327_11.err
/scratch.global/and02709/second_python/ERR/cv_45406327_10.err
/scratch.global/and02709/second_python/ERR/cv_45406327_9.err
/scratch.global/and02709/second_python/ERR/cv_45406327_8.err
/scratch.global/and02709/second_python/ERR/cv_45406327_7.err
/scratch.global/and02709/second_python/ERR/cv_45406327_6.err
/scratch.global/and02709/second_python/ERR/cv_45406327_5.err
/scratch.global/and02709/second_python/ERR/cv_45406327_4.err
/scratch.global/and02709/second_python/ERR/cv_45406327_3.err
/scratch.global/and02709/second_python/ERR/cv_45406327_2.err
/scratch.global/and02709/second_python/ERR/cv_45406327_1.err
[SUBMIT] final_data
  script: --wait /scratch.global/and02709/second_python/final_data.sh /scratch.global/and02709/second_python /scratch.global/and02709/second_python
  out:    /scratch.global/and02709/second_python/OUT/final_data_%A_%a.out
  err:    /scratch.global/and02709/second_python/ERR/final_data_%A_%a.err
  extra:  <none>
[CMD] sbatch --parsable --chdir=/scratch.global/and02709/second_python/pwr_data --time=12:00:00 --mem=96GB --cpus-per-task=8 -N 1 --output=/scratch.global/and02709/second_python/OUT/final_data_%A_%a.out --error=/scratch.global/and02709/second_python/ERR/final_data_%A_%a.err  --wait /scratch.global/and02709/second_python/final_data.sh /scratch.global/and02709/second_python /scratch.global/and02709/second_python
sbatch: Setting account: gdc
[JOB] final_data -> 45406548
[SCONTROL] StdOut=/scratch.global/and02709/second_python/OUT/final_data_45406548_4294967294.out
[SCONTROL] StdErr=/scratch.global/and02709/second_python/ERR/final_data_45406548_4294967294.err
[DONE] manifest=/scratch.global/and02709/second_python/OUT/job_manifest.tsv
