[INFO] WRKDIR=/scratch.global/and02709/second_python
[INFO] KFOLDS=5
[INFO] EPSILON=1
[INFO] FILEDIR=/scratch.global/and02709/second_python
[INFO] PWRDATA=/scratch.global/and02709/second_python/pwr_data
[INFO] SLURM_JOB_ID=45816899
[INFO] SLURM_SUBMIT_DIR=/scratch.global/and02709/second_python
[SUBMIT] pwr_index_file
  script: --wait /scratch.global/and02709/second_python/pwr_index_file.sh /scratch.global/and02709/second_python /scratch.global/and02709/second_python
  out:    /scratch.global/and02709/second_python/OUT/pwr_index_file_%A_%a.out
  err:    /scratch.global/and02709/second_python/ERR/pwr_index_file_%A_%a.err
  extra:  <none>
[CMD] sbatch --parsable --chdir=/scratch.global/and02709/second_python/pwr_data --time=1:00:00 --mem=4GB --cpus-per-task=1 -N 1 --output=/scratch.global/and02709/second_python/OUT/pwr_index_file_%A_%a.out --error=/scratch.global/and02709/second_python/ERR/pwr_index_file_%A_%a.err  --wait /scratch.global/and02709/second_python/pwr_index_file.sh /scratch.global/and02709/second_python /scratch.global/and02709/second_python
sbatch: Setting account: gdc
[JOB] pwr_index_file -> 45816964
[SCONTROL] StdOut=/scratch.global/and02709/second_python/OUT/pwr_index_file_45816964_4294967294.out
[SCONTROL] StdErr=/scratch.global/and02709/second_python/ERR/pwr_index_file_45816964_4294967294.err
[INFO] NINDEX=6806 CHUNK_SIZE=100 NJOBS=69
[SUBMIT] pwr_setup
  script: --wait /scratch.global/and02709/second_python/pwr_setup.sh /scratch.global/and02709/second_python /scratch.global/and02709/second_python
  out:    /scratch.global/and02709/second_python/OUT/pwr_setup_%A_%a.out
  err:    /scratch.global/and02709/second_python/ERR/pwr_setup_%A_%a.err
  extra:  <none>
[CMD] sbatch --parsable --chdir=/scratch.global/and02709/second_python/pwr_data --time=1:00:00 --mem=16GB --cpus-per-task=2 -N 1 --output=/scratch.global/and02709/second_python/OUT/pwr_setup_%A_%a.out --error=/scratch.global/and02709/second_python/ERR/pwr_setup_%A_%a.err  --wait /scratch.global/and02709/second_python/pwr_setup.sh /scratch.global/and02709/second_python /scratch.global/and02709/second_python
sbatch: Setting account: gdc
[JOB] pwr_setup -> 45816999
[SCONTROL] StdOut=/scratch.global/and02709/second_python/OUT/pwr_setup_45816999_4294967294.out
[SCONTROL] StdErr=/scratch.global/and02709/second_python/ERR/pwr_setup_45816999_4294967294.err
[SUBMIT] pwr_sub_python
  script: --array=1-69 --wait /scratch.global/and02709/second_python/pwr_sub_python.sh /scratch.global/and02709/second_python 100 6806 /scratch.global/and02709/second_python
  out:    /scratch.global/and02709/second_python/OUT/pwr_sub_python_%A_%a.out
  err:    /scratch.global/and02709/second_python/ERR/pwr_sub_python_%A_%a.err
  extra:  <none>
[CMD] sbatch --parsable --chdir=/scratch.global/and02709/second_python/pwr_data --time=10:00:00 --mem=16GB --cpus-per-task=2 -N 1 --output=/scratch.global/and02709/second_python/OUT/pwr_sub_python_%A_%a.out --error=/scratch.global/and02709/second_python/ERR/pwr_sub_python_%A_%a.err  --array=1-69 --wait /scratch.global/and02709/second_python/pwr_sub_python.sh /scratch.global/and02709/second_python 100 6806 /scratch.global/and02709/second_python
sbatch: Setting account: gdc
[JOB] pwr_sub_python -> 45817026
[SCONTROL] StdOut=/scratch.global/and02709/second_python/OUT/pwr_sub_python_45817026_69.out
/scratch.global/and02709/second_python/OUT/pwr_sub_python_45817026_68.out
/scratch.global/and02709/second_python/OUT/pwr_sub_python_45817026_52.out
[SCONTROL] StdErr=/scratch.global/and02709/second_python/ERR/pwr_sub_python_45817026_69.err
/scratch.global/and02709/second_python/ERR/pwr_sub_python_45817026_68.err
/scratch.global/and02709/second_python/ERR/pwr_sub_python_45817026_52.err
[SUBMIT] combine_data
  script: --wait /scratch.global/and02709/second_python/combine_data.sh /scratch.global/and02709/second_python /scratch.global/and02709/second_python
  out:    /scratch.global/and02709/second_python/OUT/combine_data_%A_%a.out
  err:    /scratch.global/and02709/second_python/ERR/combine_data_%A_%a.err
  extra:  <none>
[CMD] sbatch --parsable --chdir=/scratch.global/and02709/second_python/pwr_data --time=1:00:00 --mem=64GB --cpus-per-task=4 -N 1 --output=/scratch.global/and02709/second_python/OUT/combine_data_%A_%a.out --error=/scratch.global/and02709/second_python/ERR/combine_data_%A_%a.err  --wait /scratch.global/and02709/second_python/combine_data.sh /scratch.global/and02709/second_python /scratch.global/and02709/second_python
sbatch: Setting account: gdc
[JOB] combine_data -> 45833262
[SCONTROL] StdOut=/scratch.global/and02709/second_python/OUT/combine_data_45833262_4294967294.out
[SCONTROL] StdErr=/scratch.global/and02709/second_python/ERR/combine_data_45833262_4294967294.err
[INFO] full_*_cov.npy count=10
[SUBMIT] ridge
  script: --wait /scratch.global/and02709/second_python/ridge.sh /scratch.global/and02709/second_python /scratch.global/and02709/second_python
  out:    /scratch.global/and02709/second_python/OUT/ridge_%A_%a.out
  err:    /scratch.global/and02709/second_python/ERR/ridge_%A_%a.err
  extra:  <none>
[CMD] sbatch --parsable --chdir=/scratch.global/and02709/second_python/pwr_data --time=8:00:00 --mem=64GB --cpus-per-task=2 -N 1 --output=/scratch.global/and02709/second_python/OUT/ridge_%A_%a.out --error=/scratch.global/and02709/second_python/ERR/ridge_%A_%a.err  --wait /scratch.global/and02709/second_python/ridge.sh /scratch.global/and02709/second_python /scratch.global/and02709/second_python
sbatch: Setting account: gdc
[JOB] ridge -> 45833284
[SCONTROL] StdOut=/scratch.global/and02709/second_python/OUT/ridge_45833284_4294967294.out
[SCONTROL] StdErr=/scratch.global/and02709/second_python/ERR/ridge_45833284_4294967294.err
[INFO] NUMFILES=10
[SUBMIT] cvGen
  script: --array=1-10 --wait /scratch.global/and02709/second_python/cvGen.sh /scratch.global/and02709/second_python /scratch.global/and02709/second_python 10 5
  out:    /scratch.global/and02709/second_python/OUT/cvGen_%A_%a.out
  err:    /scratch.global/and02709/second_python/ERR/cvGen_%A_%a.err
  extra:  <none>
[CMD] sbatch --parsable --chdir=/scratch.global/and02709/second_python/pwr_data --time=1:00:00 --mem=16GB --cpus-per-task=2 -N 1 --output=/scratch.global/and02709/second_python/OUT/cvGen_%A_%a.out --error=/scratch.global/and02709/second_python/ERR/cvGen_%A_%a.err  --array=1-10 --wait /scratch.global/and02709/second_python/cvGen.sh /scratch.global/and02709/second_python /scratch.global/and02709/second_python 10 5
sbatch: Setting account: gdc
[JOB] cvGen -> 45833291
[SCONTROL] StdOut=/scratch.global/and02709/second_python/OUT/cvGen_45833291_10.out
/scratch.global/and02709/second_python/OUT/cvGen_45833291_9.out
/scratch.global/and02709/second_python/OUT/cvGen_45833291_8.out
/scratch.global/and02709/second_python/OUT/cvGen_45833291_7.out
/scratch.global/and02709/second_python/OUT/cvGen_45833291_6.out
/scratch.global/and02709/second_python/OUT/cvGen_45833291_5.out
/scratch.global/and02709/second_python/OUT/cvGen_45833291_4.out
/scratch.global/and02709/second_python/OUT/cvGen_45833291_3.out
/scratch.global/and02709/second_python/OUT/cvGen_45833291_2.out
/scratch.global/and02709/second_python/OUT/cvGen_45833291_1.out
[SCONTROL] StdErr=/scratch.global/and02709/second_python/ERR/cvGen_45833291_10.err
/scratch.global/and02709/second_python/ERR/cvGen_45833291_9.err
/scratch.global/and02709/second_python/ERR/cvGen_45833291_8.err
/scratch.global/and02709/second_python/ERR/cvGen_45833291_7.err
/scratch.global/and02709/second_python/ERR/cvGen_45833291_6.err
/scratch.global/and02709/second_python/ERR/cvGen_45833291_5.err
/scratch.global/and02709/second_python/ERR/cvGen_45833291_4.err
/scratch.global/and02709/second_python/ERR/cvGen_45833291_3.err
/scratch.global/and02709/second_python/ERR/cvGen_45833291_2.err
/scratch.global/and02709/second_python/ERR/cvGen_45833291_1.err
[SUBMIT] setupCVmetrics
  script: --wait /scratch.global/and02709/second_python/setupCVmetrics.sh /scratch.global/and02709/second_python /scratch.global/and02709/second_python
  out:    /scratch.global/and02709/second_python/OUT/setupCVmetrics_%A_%a.out
  err:    /scratch.global/and02709/second_python/ERR/setupCVmetrics_%A_%a.err
  extra:  <none>
[CMD] sbatch --parsable --chdir=/scratch.global/and02709/second_python/pwr_data --time=1:00:00 --mem=16GB --cpus-per-task=2 -N 1 --output=/scratch.global/and02709/second_python/OUT/setupCVmetrics_%A_%a.out --error=/scratch.global/and02709/second_python/ERR/setupCVmetrics_%A_%a.err  --wait /scratch.global/and02709/second_python/setupCVmetrics.sh /scratch.global/and02709/second_python /scratch.global/and02709/second_python
sbatch: Setting account: gdc
[JOB] setupCVmetrics -> 45833437
[SCONTROL] StdOut=/scratch.global/and02709/second_python/OUT/setupCVmetrics_45833437_4294967294.out
[SCONTROL] StdErr=/scratch.global/and02709/second_python/ERR/setupCVmetrics_45833437_4294967294.err
[INFO] NUMFFILES=50
[SUBMIT] cv
  script: --array=1-50 --wait /scratch.global/and02709/second_python/cv.sh /scratch.global/and02709/second_python /scratch.global/and02709/second_python 10 5 1
  out:    /scratch.global/and02709/second_python/OUT/cv_%A_%a.out
  err:    /scratch.global/and02709/second_python/ERR/cv_%A_%a.err
  extra:  <none>
[CMD] sbatch --parsable --chdir=/scratch.global/and02709/second_python/pwr_data --time=2:00:00 --mem=32GB --cpus-per-task=2 -N 1 --output=/scratch.global/and02709/second_python/OUT/cv_%A_%a.out --error=/scratch.global/and02709/second_python/ERR/cv_%A_%a.err  --array=1-50 --wait /scratch.global/and02709/second_python/cv.sh /scratch.global/and02709/second_python /scratch.global/and02709/second_python 10 5 1
sbatch: Setting account: gdc
[JOB] cv -> 45833438
[SCONTROL] StdOut=/scratch.global/and02709/second_python/OUT/cv_45833438_50.out
/scratch.global/and02709/second_python/OUT/cv_45833438_49.out
/scratch.global/and02709/second_python/OUT/cv_45833438_48.out
/scratch.global/and02709/second_python/OUT/cv_45833438_47.out
/scratch.global/and02709/second_python/OUT/cv_45833438_46.out
/scratch.global/and02709/second_python/OUT/cv_45833438_45.out
/scratch.global/and02709/second_python/OUT/cv_45833438_44.out
/scratch.global/and02709/second_python/OUT/cv_45833438_43.out
/scratch.global/and02709/second_python/OUT/cv_45833438_42.out
/scratch.global/and02709/second_python/OUT/cv_45833438_41.out
/scratch.global/and02709/second_python/OUT/cv_45833438_40.out
/scratch.global/and02709/second_python/OUT/cv_45833438_39.out
/scratch.global/and02709/second_python/OUT/cv_45833438_38.out
/scratch.global/and02709/second_python/OUT/cv_45833438_37.out
/scratch.global/and02709/second_python/OUT/cv_45833438_36.out
/scratch.global/and02709/second_python/OUT/cv_45833438_35.out
/scratch.global/and02709/second_python/OUT/cv_45833438_34.out
/scratch.global/and02709/second_python/OUT/cv_45833438_33.out
/scratch.global/and02709/second_python/OUT/cv_45833438_32.out
/scratch.global/and02709/second_python/OUT/cv_45833438_31.out
/scratch.global/and02709/second_python/OUT/cv_45833438_30.out
/scratch.global/and02709/second_python/OUT/cv_45833438_29.out
/scratch.global/and02709/second_python/OUT/cv_45833438_28.out
/scratch.global/and02709/second_python/OUT/cv_45833438_27.out
/scratch.global/and02709/second_python/OUT/cv_45833438_26.out
/scratch.global/and02709/second_python/OUT/cv_45833438_25.out
/scratch.global/and02709/second_python/OUT/cv_45833438_24.out
/scratch.global/and02709/second_python/OUT/cv_45833438_23.out
/scratch.global/and02709/second_python/OUT/cv_45833438_22.out
/scratch.global/and02709/second_python/OUT/cv_45833438_21.out
/scratch.global/and02709/second_python/OUT/cv_45833438_20.out
/scratch.global/and02709/second_python/OUT/cv_45833438_19.out
/scratch.global/and02709/second_python/OUT/cv_45833438_18.out
/scratch.global/and02709/second_python/OUT/cv_45833438_17.out
/scratch.global/and02709/second_python/OUT/cv_45833438_16.out
/scratch.global/and02709/second_python/OUT/cv_45833438_15.out
/scratch.global/and02709/second_python/OUT/cv_45833438_14.out
/scratch.global/and02709/second_python/OUT/cv_45833438_13.out
/scratch.global/and02709/second_python/OUT/cv_45833438_12.out
/scratch.global/and02709/second_python/OUT/cv_45833438_11.out
/scratch.global/and02709/second_python/OUT/cv_45833438_10.out
/scratch.global/and02709/second_python/OUT/cv_45833438_9.out
/scratch.global/and02709/second_python/OUT/cv_45833438_8.out
/scratch.global/and02709/second_python/OUT/cv_45833438_7.out
/scratch.global/and02709/second_python/OUT/cv_45833438_6.out
/scratch.global/and02709/second_python/OUT/cv_45833438_5.out
/scratch.global/and02709/second_python/OUT/cv_45833438_4.out
/scratch.global/and02709/second_python/OUT/cv_45833438_3.out
/scratch.global/and02709/second_python/OUT/cv_45833438_2.out
/scratch.global/and02709/second_python/OUT/cv_45833438_1.out
[SCONTROL] StdErr=/scratch.global/and02709/second_python/ERR/cv_45833438_50.err
/scratch.global/and02709/second_python/ERR/cv_45833438_49.err
/scratch.global/and02709/second_python/ERR/cv_45833438_48.err
/scratch.global/and02709/second_python/ERR/cv_45833438_47.err
/scratch.global/and02709/second_python/ERR/cv_45833438_46.err
/scratch.global/and02709/second_python/ERR/cv_45833438_45.err
/scratch.global/and02709/second_python/ERR/cv_45833438_44.err
/scratch.global/and02709/second_python/ERR/cv_45833438_43.err
/scratch.global/and02709/second_python/ERR/cv_45833438_42.err
/scratch.global/and02709/second_python/ERR/cv_45833438_41.err
/scratch.global/and02709/second_python/ERR/cv_45833438_40.err
/scratch.global/and02709/second_python/ERR/cv_45833438_39.err
/scratch.global/and02709/second_python/ERR/cv_45833438_38.err
/scratch.global/and02709/second_python/ERR/cv_45833438_37.err
/scratch.global/and02709/second_python/ERR/cv_45833438_36.err
/scratch.global/and02709/second_python/ERR/cv_45833438_35.err
/scratch.global/and02709/second_python/ERR/cv_45833438_34.err
/scratch.global/and02709/second_python/ERR/cv_45833438_33.err
/scratch.global/and02709/second_python/ERR/cv_45833438_32.err
/scratch.global/and02709/second_python/ERR/cv_45833438_31.err
/scratch.global/and02709/second_python/ERR/cv_45833438_30.err
/scratch.global/and02709/second_python/ERR/cv_45833438_29.err
/scratch.global/and02709/second_python/ERR/cv_45833438_28.err
/scratch.global/and02709/second_python/ERR/cv_45833438_27.err
/scratch.global/and02709/second_python/ERR/cv_45833438_26.err
/scratch.global/and02709/second_python/ERR/cv_45833438_25.err
/scratch.global/and02709/second_python/ERR/cv_45833438_24.err
/scratch.global/and02709/second_python/ERR/cv_45833438_23.err
/scratch.global/and02709/second_python/ERR/cv_45833438_22.err
/scratch.global/and02709/second_python/ERR/cv_45833438_21.err
/scratch.global/and02709/second_python/ERR/cv_45833438_20.err
/scratch.global/and02709/second_python/ERR/cv_45833438_19.err
/scratch.global/and02709/second_python/ERR/cv_45833438_18.err
/scratch.global/and02709/second_python/ERR/cv_45833438_17.err
/scratch.global/and02709/second_python/ERR/cv_45833438_16.err
/scratch.global/and02709/second_python/ERR/cv_45833438_15.err
/scratch.global/and02709/second_python/ERR/cv_45833438_14.err
/scratch.global/and02709/second_python/ERR/cv_45833438_13.err
/scratch.global/and02709/second_python/ERR/cv_45833438_12.err
/scratch.global/and02709/second_python/ERR/cv_45833438_11.err
/scratch.global/and02709/second_python/ERR/cv_45833438_10.err
/scratch.global/and02709/second_python/ERR/cv_45833438_9.err
/scratch.global/and02709/second_python/ERR/cv_45833438_8.err
/scratch.global/and02709/second_python/ERR/cv_45833438_7.err
/scratch.global/and02709/second_python/ERR/cv_45833438_6.err
/scratch.global/and02709/second_python/ERR/cv_45833438_5.err
/scratch.global/and02709/second_python/ERR/cv_45833438_4.err
/scratch.global/and02709/second_python/ERR/cv_45833438_3.err
/scratch.global/and02709/second_python/ERR/cv_45833438_2.err
/scratch.global/and02709/second_python/ERR/cv_45833438_1.err
[SUBMIT] final_data
  script: --wait /scratch.global/and02709/second_python/final_data.sh /scratch.global/and02709/second_python /scratch.global/and02709/second_python
  out:    /scratch.global/and02709/second_python/OUT/final_data_%A_%a.out
  err:    /scratch.global/and02709/second_python/ERR/final_data_%A_%a.err
  extra:  <none>
[CMD] sbatch --parsable --chdir=/scratch.global/and02709/second_python/pwr_data --time=12:00:00 --mem=96GB --cpus-per-task=8 -N 1 --output=/scratch.global/and02709/second_python/OUT/final_data_%A_%a.out --error=/scratch.global/and02709/second_python/ERR/final_data_%A_%a.err  --wait /scratch.global/and02709/second_python/final_data.sh /scratch.global/and02709/second_python /scratch.global/and02709/second_python
sbatch: Setting account: gdc
[JOB] final_data -> 45833490
[SCONTROL] StdOut=/scratch.global/and02709/second_python/OUT/final_data_45833490_4294967294.out
[SCONTROL] StdErr=/scratch.global/and02709/second_python/ERR/final_data_45833490_4294967294.err
[DONE] manifest=/scratch.global/and02709/second_python/OUT/job_manifest.tsv
