[INFO] WRKDIR=/scratch.global/and02709/second_python
[INFO] KFOLDS=5
[INFO] EPSILON=1
[INFO] FILEDIR=/scratch.global/and02709/second_python
[INFO] PWRDATA=/scratch.global/and02709/second_python/pwr_data
[INFO] SLURM_JOB_ID=45398098
[INFO] SLURM_SUBMIT_DIR=/scratch.global/and02709/second_python
[SUBMIT] pwr_index_file
  script: --wait /scratch.global/and02709/second_python/pwr_index_file.sh /scratch.global/and02709/second_python /scratch.global/and02709/second_python
  out:    /scratch.global/and02709/second_python/OUT/pwr_index_file_%A_%a.out
  err:    /scratch.global/and02709/second_python/ERR/pwr_index_file_%A_%a.err
  extra:  <none>
[CMD] sbatch --parsable --chdir=/scratch.global/and02709/second_python/pwr_data --time=1:00:00 --mem=4GB --cpus-per-task=1 -N 1 --output=/scratch.global/and02709/second_python/OUT/pwr_index_file_%A_%a.out --error=/scratch.global/and02709/second_python/ERR/pwr_index_file_%A_%a.err  --wait /scratch.global/and02709/second_python/pwr_index_file.sh /scratch.global/and02709/second_python /scratch.global/and02709/second_python
sbatch: Setting account: gdc
[JOB] pwr_index_file -> 45398105
[SCONTROL] StdOut=/scratch.global/and02709/second_python/OUT/pwr_index_file_45398105_4294967294.out
[SCONTROL] StdErr=/scratch.global/and02709/second_python/ERR/pwr_index_file_45398105_4294967294.err
[INFO] NINDEX=6806 CHUNK_SIZE=100 NJOBS=69
[SUBMIT] pwr_setup
  script: --wait /scratch.global/and02709/second_python/pwr_setup.sh /scratch.global/and02709/second_python /scratch.global/and02709/second_python
  out:    /scratch.global/and02709/second_python/OUT/pwr_setup_%A_%a.out
  err:    /scratch.global/and02709/second_python/ERR/pwr_setup_%A_%a.err
  extra:  <none>
[CMD] sbatch --parsable --chdir=/scratch.global/and02709/second_python/pwr_data --time=1:00:00 --mem=16GB --cpus-per-task=2 -N 1 --output=/scratch.global/and02709/second_python/OUT/pwr_setup_%A_%a.out --error=/scratch.global/and02709/second_python/ERR/pwr_setup_%A_%a.err  --wait /scratch.global/and02709/second_python/pwr_setup.sh /scratch.global/and02709/second_python /scratch.global/and02709/second_python
sbatch: Setting account: gdc
[JOB] pwr_setup -> 45398128
[SCONTROL] StdOut=/scratch.global/and02709/second_python/OUT/pwr_setup_45398128_4294967294.out
[SCONTROL] StdErr=/scratch.global/and02709/second_python/ERR/pwr_setup_45398128_4294967294.err
[SUBMIT] pwr_sub_python
  script: --array=1-69 --wait /scratch.global/and02709/second_python/pwr_sub_python.sh /scratch.global/and02709/second_python 100 6806 /scratch.global/and02709/second_python
  out:    /scratch.global/and02709/second_python/OUT/pwr_sub_python_%A_%a.out
  err:    /scratch.global/and02709/second_python/ERR/pwr_sub_python_%A_%a.err
  extra:  <none>
[CMD] sbatch --parsable --chdir=/scratch.global/and02709/second_python/pwr_data --time=10:00:00 --mem=16GB --cpus-per-task=2 -N 1 --output=/scratch.global/and02709/second_python/OUT/pwr_sub_python_%A_%a.out --error=/scratch.global/and02709/second_python/ERR/pwr_sub_python_%A_%a.err  --array=1-69 --wait /scratch.global/and02709/second_python/pwr_sub_python.sh /scratch.global/and02709/second_python 100 6806 /scratch.global/and02709/second_python
sbatch: Setting account: gdc
[JOB] pwr_sub_python -> 45398151
[SCONTROL] StdOut=/scratch.global/and02709/second_python/OUT/pwr_sub_python_45398151_69.out
/scratch.global/and02709/second_python/OUT/pwr_sub_python_45398151_68.out
/scratch.global/and02709/second_python/OUT/pwr_sub_python_45398151_67.out
/scratch.global/and02709/second_python/OUT/pwr_sub_python_45398151_66.out
/scratch.global/and02709/second_python/OUT/pwr_sub_python_45398151_65.out
/scratch.global/and02709/second_python/OUT/pwr_sub_python_45398151_64.out
/scratch.global/and02709/second_python/OUT/pwr_sub_python_45398151_63.out
/scratch.global/and02709/second_python/OUT/pwr_sub_python_45398151_62.out
/scratch.global/and02709/second_python/OUT/pwr_sub_python_45398151_61.out
/scratch.global/and02709/second_python/OUT/pwr_sub_python_45398151_60.out
/scratch.global/and02709/second_python/OUT/pwr_sub_python_45398151_59.out
/scratch.global/and02709/second_python/OUT/pwr_sub_python_45398151_58.out
/scratch.global/and02709/second_python/OUT/pwr_sub_python_45398151_57.out
/scratch.global/and02709/second_python/OUT/pwr_sub_python_45398151_56.out
/scratch.global/and02709/second_python/OUT/pwr_sub_python_45398151_55.out
/scratch.global/and02709/second_python/OUT/pwr_sub_python_45398151_54.out
/scratch.global/and02709/second_python/OUT/pwr_sub_python_45398151_53.out
/scratch.global/and02709/second_python/OUT/pwr_sub_python_45398151_52.out
/scratch.global/and02709/second_python/OUT/pwr_sub_python_45398151_51.out
/scratch.global/and02709/second_python/OUT/pwr_sub_python_45398151_50.out
/scratch.global/and02709/second_python/OUT/pwr_sub_python_45398151_49.out
/scratch.global/and02709/second_python/OUT/pwr_sub_python_45398151_47.out
/scratch.global/and02709/second_python/OUT/pwr_sub_python_45398151_46.out
/scratch.global/and02709/second_python/OUT/pwr_sub_python_45398151_45.out
/scratch.global/and02709/second_python/OUT/pwr_sub_python_45398151_44.out
/scratch.global/and02709/second_python/OUT/pwr_sub_python_45398151_43.out
/scratch.global/and02709/second_python/OUT/pwr_sub_python_45398151_42.out
/scratch.global/and02709/second_python/OUT/pwr_sub_python_45398151_41.out
/scratch.global/and02709/second_python/OUT/pwr_sub_python_45398151_40.out
/scratch.global/and02709/second_python/OUT/pwr_sub_python_45398151_39.out
/scratch.global/and02709/second_python/OUT/pwr_sub_python_45398151_38.out
/scratch.global/and02709/second_python/OUT/pwr_sub_python_45398151_36.out
/scratch.global/and02709/second_python/OUT/pwr_sub_python_45398151_35.out
/scratch.global/and02709/second_python/OUT/pwr_sub_python_45398151_34.out
[SCONTROL] StdErr=/scratch.global/and02709/second_python/ERR/pwr_sub_python_45398151_69.err
/scratch.global/and02709/second_python/ERR/pwr_sub_python_45398151_68.err
/scratch.global/and02709/second_python/ERR/pwr_sub_python_45398151_67.err
/scratch.global/and02709/second_python/ERR/pwr_sub_python_45398151_66.err
/scratch.global/and02709/second_python/ERR/pwr_sub_python_45398151_65.err
/scratch.global/and02709/second_python/ERR/pwr_sub_python_45398151_64.err
/scratch.global/and02709/second_python/ERR/pwr_sub_python_45398151_63.err
/scratch.global/and02709/second_python/ERR/pwr_sub_python_45398151_62.err
/scratch.global/and02709/second_python/ERR/pwr_sub_python_45398151_61.err
/scratch.global/and02709/second_python/ERR/pwr_sub_python_45398151_60.err
/scratch.global/and02709/second_python/ERR/pwr_sub_python_45398151_59.err
/scratch.global/and02709/second_python/ERR/pwr_sub_python_45398151_58.err
/scratch.global/and02709/second_python/ERR/pwr_sub_python_45398151_57.err
/scratch.global/and02709/second_python/ERR/pwr_sub_python_45398151_56.err
/scratch.global/and02709/second_python/ERR/pwr_sub_python_45398151_55.err
/scratch.global/and02709/second_python/ERR/pwr_sub_python_45398151_54.err
/scratch.global/and02709/second_python/ERR/pwr_sub_python_45398151_53.err
/scratch.global/and02709/second_python/ERR/pwr_sub_python_45398151_52.err
/scratch.global/and02709/second_python/ERR/pwr_sub_python_45398151_51.err
/scratch.global/and02709/second_python/ERR/pwr_sub_python_45398151_50.err
/scratch.global/and02709/second_python/ERR/pwr_sub_python_45398151_49.err
/scratch.global/and02709/second_python/ERR/pwr_sub_python_45398151_47.err
/scratch.global/and02709/second_python/ERR/pwr_sub_python_45398151_46.err
/scratch.global/and02709/second_python/ERR/pwr_sub_python_45398151_45.err
/scratch.global/and02709/second_python/ERR/pwr_sub_python_45398151_44.err
/scratch.global/and02709/second_python/ERR/pwr_sub_python_45398151_43.err
/scratch.global/and02709/second_python/ERR/pwr_sub_python_45398151_42.err
/scratch.global/and02709/second_python/ERR/pwr_sub_python_45398151_41.err
/scratch.global/and02709/second_python/ERR/pwr_sub_python_45398151_40.err
/scratch.global/and02709/second_python/ERR/pwr_sub_python_45398151_39.err
/scratch.global/and02709/second_python/ERR/pwr_sub_python_45398151_38.err
/scratch.global/and02709/second_python/ERR/pwr_sub_python_45398151_36.err
/scratch.global/and02709/second_python/ERR/pwr_sub_python_45398151_35.err
/scratch.global/and02709/second_python/ERR/pwr_sub_python_45398151_34.err
[SUBMIT] combine_data
  script: --wait /scratch.global/and02709/second_python/combine_data.sh /scratch.global/and02709/second_python /scratch.global/and02709/second_python
  out:    /scratch.global/and02709/second_python/OUT/combine_data_%A_%a.out
  err:    /scratch.global/and02709/second_python/ERR/combine_data_%A_%a.err
  extra:  <none>
[CMD] sbatch --parsable --chdir=/scratch.global/and02709/second_python/pwr_data --time=1:00:00 --mem=64GB --cpus-per-task=4 -N 1 --output=/scratch.global/and02709/second_python/OUT/combine_data_%A_%a.out --error=/scratch.global/and02709/second_python/ERR/combine_data_%A_%a.err  --wait /scratch.global/and02709/second_python/combine_data.sh /scratch.global/and02709/second_python /scratch.global/and02709/second_python
sbatch: Setting account: gdc
[JOB] combine_data -> 45398868
[SCONTROL] StdOut=/scratch.global/and02709/second_python/OUT/combine_data_45398868_4294967294.out
[SCONTROL] StdErr=/scratch.global/and02709/second_python/ERR/combine_data_45398868_4294967294.err
[INFO] full_*_cov.npy count=10
[SUBMIT] ridge
  script: --wait /scratch.global/and02709/second_python/ridge.sh /scratch.global/and02709/second_python /scratch.global/and02709/second_python
  out:    /scratch.global/and02709/second_python/OUT/ridge_%A_%a.out
  err:    /scratch.global/and02709/second_python/ERR/ridge_%A_%a.err
  extra:  <none>
[CMD] sbatch --parsable --chdir=/scratch.global/and02709/second_python/pwr_data --time=8:00:00 --mem=64GB --cpus-per-task=2 -N 1 --output=/scratch.global/and02709/second_python/OUT/ridge_%A_%a.out --error=/scratch.global/and02709/second_python/ERR/ridge_%A_%a.err  --wait /scratch.global/and02709/second_python/ridge.sh /scratch.global/and02709/second_python /scratch.global/and02709/second_python
sbatch: Setting account: gdc
[JOB] ridge -> 45399127
[SCONTROL] StdOut=/scratch.global/and02709/second_python/OUT/ridge_45399127_4294967294.out
[SCONTROL] StdErr=/scratch.global/and02709/second_python/ERR/ridge_45399127_4294967294.err
[INFO] NUMFILES=10
[SUBMIT] cvGen
  script: --array=1-10 --wait /scratch.global/and02709/second_python/cvGen.sh /scratch.global/and02709/second_python /scratch.global/and02709/second_python 10 5
  out:    /scratch.global/and02709/second_python/OUT/cvGen_%A_%a.out
  err:    /scratch.global/and02709/second_python/ERR/cvGen_%A_%a.err
  extra:  <none>
[CMD] sbatch --parsable --chdir=/scratch.global/and02709/second_python/pwr_data --time=1:00:00 --mem=16GB --cpus-per-task=2 -N 1 --output=/scratch.global/and02709/second_python/OUT/cvGen_%A_%a.out --error=/scratch.global/and02709/second_python/ERR/cvGen_%A_%a.err  --array=1-10 --wait /scratch.global/and02709/second_python/cvGen.sh /scratch.global/and02709/second_python /scratch.global/and02709/second_python 10 5
sbatch: Setting account: gdc
[JOB] cvGen -> 45399139
[SCONTROL] StdOut=/scratch.global/and02709/second_python/OUT/cvGen_45399139_10.out
/scratch.global/and02709/second_python/OUT/cvGen_45399139_9.out
/scratch.global/and02709/second_python/OUT/cvGen_45399139_8.out
/scratch.global/and02709/second_python/OUT/cvGen_45399139_7.out
/scratch.global/and02709/second_python/OUT/cvGen_45399139_6.out
/scratch.global/and02709/second_python/OUT/cvGen_45399139_5.out
/scratch.global/and02709/second_python/OUT/cvGen_45399139_4.out
/scratch.global/and02709/second_python/OUT/cvGen_45399139_3.out
/scratch.global/and02709/second_python/OUT/cvGen_45399139_2.out
/scratch.global/and02709/second_python/OUT/cvGen_45399139_1.out
[SCONTROL] StdErr=/scratch.global/and02709/second_python/ERR/cvGen_45399139_10.err
/scratch.global/and02709/second_python/ERR/cvGen_45399139_9.err
/scratch.global/and02709/second_python/ERR/cvGen_45399139_8.err
/scratch.global/and02709/second_python/ERR/cvGen_45399139_7.err
/scratch.global/and02709/second_python/ERR/cvGen_45399139_6.err
/scratch.global/and02709/second_python/ERR/cvGen_45399139_5.err
/scratch.global/and02709/second_python/ERR/cvGen_45399139_4.err
/scratch.global/and02709/second_python/ERR/cvGen_45399139_3.err
/scratch.global/and02709/second_python/ERR/cvGen_45399139_2.err
/scratch.global/and02709/second_python/ERR/cvGen_45399139_1.err
[SUBMIT] setupCVmetrics
  script: --wait /scratch.global/and02709/second_python/setupCVmetrics.sh /scratch.global/and02709/second_python /scratch.global/and02709/second_python
  out:    /scratch.global/and02709/second_python/OUT/setupCVmetrics_%A_%a.out
  err:    /scratch.global/and02709/second_python/ERR/setupCVmetrics_%A_%a.err
  extra:  <none>
[CMD] sbatch --parsable --chdir=/scratch.global/and02709/second_python/pwr_data --time=1:00:00 --mem=16GB --cpus-per-task=2 -N 1 --output=/scratch.global/and02709/second_python/OUT/setupCVmetrics_%A_%a.out --error=/scratch.global/and02709/second_python/ERR/setupCVmetrics_%A_%a.err  --wait /scratch.global/and02709/second_python/setupCVmetrics.sh /scratch.global/and02709/second_python /scratch.global/and02709/second_python
sbatch: Setting account: gdc
[JOB] setupCVmetrics -> 45399488
[SCONTROL] StdOut=/scratch.global/and02709/second_python/OUT/setupCVmetrics_45399488_4294967294.out
[SCONTROL] StdErr=/scratch.global/and02709/second_python/ERR/setupCVmetrics_45399488_4294967294.err
[INFO] NUMFFILES=50
[SUBMIT] cv
  script: --array=1-50 --wait /scratch.global/and02709/second_python/cv.sh /scratch.global/and02709/second_python /scratch.global/and02709/second_python 10 5 1
  out:    /scratch.global/and02709/second_python/OUT/cv_%A_%a.out
  err:    /scratch.global/and02709/second_python/ERR/cv_%A_%a.err
  extra:  <none>
[CMD] sbatch --parsable --chdir=/scratch.global/and02709/second_python/pwr_data --time=2:00:00 --mem=32GB --cpus-per-task=2 -N 1 --output=/scratch.global/and02709/second_python/OUT/cv_%A_%a.out --error=/scratch.global/and02709/second_python/ERR/cv_%A_%a.err  --array=1-50 --wait /scratch.global/and02709/second_python/cv.sh /scratch.global/and02709/second_python /scratch.global/and02709/second_python 10 5 1
sbatch: Setting account: gdc
[JOB] cv -> 45399844
[SCONTROL] StdOut=/scratch.global/and02709/second_python/OUT/cv_45399844_50.out
/scratch.global/and02709/second_python/OUT/cv_45399844_49.out
/scratch.global/and02709/second_python/OUT/cv_45399844_48.out
/scratch.global/and02709/second_python/OUT/cv_45399844_47.out
/scratch.global/and02709/second_python/OUT/cv_45399844_46.out
/scratch.global/and02709/second_python/OUT/cv_45399844_45.out
/scratch.global/and02709/second_python/OUT/cv_45399844_44.out
/scratch.global/and02709/second_python/OUT/cv_45399844_43.out
/scratch.global/and02709/second_python/OUT/cv_45399844_42.out
/scratch.global/and02709/second_python/OUT/cv_45399844_41.out
/scratch.global/and02709/second_python/OUT/cv_45399844_40.out
/scratch.global/and02709/second_python/OUT/cv_45399844_39.out
/scratch.global/and02709/second_python/OUT/cv_45399844_38.out
/scratch.global/and02709/second_python/OUT/cv_45399844_37.out
/scratch.global/and02709/second_python/OUT/cv_45399844_36.out
/scratch.global/and02709/second_python/OUT/cv_45399844_35.out
/scratch.global/and02709/second_python/OUT/cv_45399844_34.out
/scratch.global/and02709/second_python/OUT/cv_45399844_33.out
/scratch.global/and02709/second_python/OUT/cv_45399844_32.out
/scratch.global/and02709/second_python/OUT/cv_45399844_31.out
/scratch.global/and02709/second_python/OUT/cv_45399844_30.out
/scratch.global/and02709/second_python/OUT/cv_45399844_29.out
/scratch.global/and02709/second_python/OUT/cv_45399844_28.out
/scratch.global/and02709/second_python/OUT/cv_45399844_27.out
/scratch.global/and02709/second_python/OUT/cv_45399844_26.out
/scratch.global/and02709/second_python/OUT/cv_45399844_25.out
/scratch.global/and02709/second_python/OUT/cv_45399844_24.out
/scratch.global/and02709/second_python/OUT/cv_45399844_23.out
/scratch.global/and02709/second_python/OUT/cv_45399844_22.out
/scratch.global/and02709/second_python/OUT/cv_45399844_21.out
/scratch.global/and02709/second_python/OUT/cv_45399844_20.out
/scratch.global/and02709/second_python/OUT/cv_45399844_19.out
/scratch.global/and02709/second_python/OUT/cv_45399844_18.out
/scratch.global/and02709/second_python/OUT/cv_45399844_17.out
/scratch.global/and02709/second_python/OUT/cv_45399844_16.out
/scratch.global/and02709/second_python/OUT/cv_45399844_15.out
/scratch.global/and02709/second_python/OUT/cv_45399844_14.out
/scratch.global/and02709/second_python/OUT/cv_45399844_13.out
/scratch.global/and02709/second_python/OUT/cv_45399844_12.out
/scratch.global/and02709/second_python/OUT/cv_45399844_11.out
/scratch.global/and02709/second_python/OUT/cv_45399844_10.out
/scratch.global/and02709/second_python/OUT/cv_45399844_9.out
/scratch.global/and02709/second_python/OUT/cv_45399844_8.out
/scratch.global/and02709/second_python/OUT/cv_45399844_7.out
/scratch.global/and02709/second_python/OUT/cv_45399844_6.out
/scratch.global/and02709/second_python/OUT/cv_45399844_5.out
/scratch.global/and02709/second_python/OUT/cv_45399844_4.out
/scratch.global/and02709/second_python/OUT/cv_45399844_3.out
/scratch.global/and02709/second_python/OUT/cv_45399844_2.out
/scratch.global/and02709/second_python/OUT/cv_45399844_1.out
[SCONTROL] StdErr=/scratch.global/and02709/second_python/ERR/cv_45399844_50.err
/scratch.global/and02709/second_python/ERR/cv_45399844_49.err
/scratch.global/and02709/second_python/ERR/cv_45399844_48.err
/scratch.global/and02709/second_python/ERR/cv_45399844_47.err
/scratch.global/and02709/second_python/ERR/cv_45399844_46.err
/scratch.global/and02709/second_python/ERR/cv_45399844_45.err
/scratch.global/and02709/second_python/ERR/cv_45399844_44.err
/scratch.global/and02709/second_python/ERR/cv_45399844_43.err
/scratch.global/and02709/second_python/ERR/cv_45399844_42.err
/scratch.global/and02709/second_python/ERR/cv_45399844_41.err
/scratch.global/and02709/second_python/ERR/cv_45399844_40.err
/scratch.global/and02709/second_python/ERR/cv_45399844_39.err
/scratch.global/and02709/second_python/ERR/cv_45399844_38.err
/scratch.global/and02709/second_python/ERR/cv_45399844_37.err
/scratch.global/and02709/second_python/ERR/cv_45399844_36.err
/scratch.global/and02709/second_python/ERR/cv_45399844_35.err
/scratch.global/and02709/second_python/ERR/cv_45399844_34.err
/scratch.global/and02709/second_python/ERR/cv_45399844_33.err
/scratch.global/and02709/second_python/ERR/cv_45399844_32.err
/scratch.global/and02709/second_python/ERR/cv_45399844_31.err
/scratch.global/and02709/second_python/ERR/cv_45399844_30.err
/scratch.global/and02709/second_python/ERR/cv_45399844_29.err
/scratch.global/and02709/second_python/ERR/cv_45399844_28.err
/scratch.global/and02709/second_python/ERR/cv_45399844_27.err
/scratch.global/and02709/second_python/ERR/cv_45399844_26.err
/scratch.global/and02709/second_python/ERR/cv_45399844_25.err
/scratch.global/and02709/second_python/ERR/cv_45399844_24.err
/scratch.global/and02709/second_python/ERR/cv_45399844_23.err
/scratch.global/and02709/second_python/ERR/cv_45399844_22.err
/scratch.global/and02709/second_python/ERR/cv_45399844_21.err
/scratch.global/and02709/second_python/ERR/cv_45399844_20.err
/scratch.global/and02709/second_python/ERR/cv_45399844_19.err
/scratch.global/and02709/second_python/ERR/cv_45399844_18.err
/scratch.global/and02709/second_python/ERR/cv_45399844_17.err
/scratch.global/and02709/second_python/ERR/cv_45399844_16.err
/scratch.global/and02709/second_python/ERR/cv_45399844_15.err
/scratch.global/and02709/second_python/ERR/cv_45399844_14.err
/scratch.global/and02709/second_python/ERR/cv_45399844_13.err
/scratch.global/and02709/second_python/ERR/cv_45399844_12.err
/scratch.global/and02709/second_python/ERR/cv_45399844_11.err
/scratch.global/and02709/second_python/ERR/cv_45399844_10.err
/scratch.global/and02709/second_python/ERR/cv_45399844_9.err
/scratch.global/and02709/second_python/ERR/cv_45399844_8.err
/scratch.global/and02709/second_python/ERR/cv_45399844_7.err
/scratch.global/and02709/second_python/ERR/cv_45399844_6.err
/scratch.global/and02709/second_python/ERR/cv_45399844_5.err
/scratch.global/and02709/second_python/ERR/cv_45399844_4.err
/scratch.global/and02709/second_python/ERR/cv_45399844_3.err
/scratch.global/and02709/second_python/ERR/cv_45399844_2.err
/scratch.global/and02709/second_python/ERR/cv_45399844_1.err
[SUBMIT] final_data
  script: --wait /scratch.global/and02709/second_python/final_data.sh /scratch.global/and02709/second_python /scratch.global/and02709/second_python
  out:    /scratch.global/and02709/second_python/OUT/final_data_%A_%a.out
  err:    /scratch.global/and02709/second_python/ERR/final_data_%A_%a.err
  extra:  <none>
[CMD] sbatch --parsable --chdir=/scratch.global/and02709/second_python/pwr_data --time=12:00:00 --mem=96GB --cpus-per-task=8 -N 1 --output=/scratch.global/and02709/second_python/OUT/final_data_%A_%a.out --error=/scratch.global/and02709/second_python/ERR/final_data_%A_%a.err  --wait /scratch.global/and02709/second_python/final_data.sh /scratch.global/and02709/second_python /scratch.global/and02709/second_python
sbatch: Setting account: gdc
[JOB] final_data -> 45400020
[SCONTROL] StdOut=/scratch.global/and02709/second_python/OUT/final_data_45400020_4294967294.out
[SCONTROL] StdErr=/scratch.global/and02709/second_python/ERR/final_data_45400020_4294967294.err
[DONE] manifest=/scratch.global/and02709/second_python/OUT/job_manifest.tsv
