[INFO] WRKDIR=/scratch.global/and02709/second_python
[INFO] KFOLDS=5
[INFO] EPSILON=1
[INFO] FILEDIR=/scratch.global/and02709/second_python
[INFO] PWRDATA=/scratch.global/and02709/second_python/pwr_data
[INFO] SLURM_JOB_ID=45376681
[INFO] SLURM_SUBMIT_DIR=/scratch.global/and02709/second_python
[SUBMIT] pwr_index_file
  script: --wait /scratch.global/and02709/second_python/pwr_index_file.sh /scratch.global/and02709/second_python /scratch.global/and02709/second_python
  out:    /scratch.global/and02709/second_python/OUT/pwr_index_file_%A_%a.out
  err:    /scratch.global/and02709/second_python/ERR/pwr_index_file_%A_%a.err
  extra:  <none>
[CMD] sbatch --parsable --chdir=/scratch.global/and02709/second_python/pwr_data --time=1:00:00 --mem=4GB --cpus-per-task=1 -N 1 --output=/scratch.global/and02709/second_python/OUT/pwr_index_file_%A_%a.out --error=/scratch.global/and02709/second_python/ERR/pwr_index_file_%A_%a.err  --wait /scratch.global/and02709/second_python/pwr_index_file.sh /scratch.global/and02709/second_python /scratch.global/and02709/second_python
sbatch: Setting account: gdc
[JOB] pwr_index_file -> 45376689
[SCONTROL] StdOut=/scratch.global/and02709/second_python/OUT/pwr_index_file_45376689_4294967294.out
[SCONTROL] StdErr=/scratch.global/and02709/second_python/ERR/pwr_index_file_45376689_4294967294.err
[INFO] NINDEX=6806 CHUNK_SIZE=100 NJOBS=69
[SUBMIT] pwr_setup
  script: --wait /scratch.global/and02709/second_python/pwr_setup.sh /scratch.global/and02709/second_python /scratch.global/and02709/second_python
  out:    /scratch.global/and02709/second_python/OUT/pwr_setup_%A_%a.out
  err:    /scratch.global/and02709/second_python/ERR/pwr_setup_%A_%a.err
  extra:  <none>
[CMD] sbatch --parsable --chdir=/scratch.global/and02709/second_python/pwr_data --time=1:00:00 --mem=16GB --cpus-per-task=2 -N 1 --output=/scratch.global/and02709/second_python/OUT/pwr_setup_%A_%a.out --error=/scratch.global/and02709/second_python/ERR/pwr_setup_%A_%a.err  --wait /scratch.global/and02709/second_python/pwr_setup.sh /scratch.global/and02709/second_python /scratch.global/and02709/second_python
sbatch: Setting account: gdc
[JOB] pwr_setup -> 45376732
[SCONTROL] StdOut=/scratch.global/and02709/second_python/OUT/pwr_setup_45376732_4294967294.out
[SCONTROL] StdErr=/scratch.global/and02709/second_python/ERR/pwr_setup_45376732_4294967294.err
[SUBMIT] pwr_sub_python
  script: --array=1-69 --wait /scratch.global/and02709/second_python/pwr_sub_python.sh /scratch.global/and02709/second_python 100 6806 /scratch.global/and02709/second_python
  out:    /scratch.global/and02709/second_python/OUT/pwr_sub_python_%A_%a.out
  err:    /scratch.global/and02709/second_python/ERR/pwr_sub_python_%A_%a.err
  extra:  <none>
[CMD] sbatch --parsable --chdir=/scratch.global/and02709/second_python/pwr_data --time=10:00:00 --mem=16GB --cpus-per-task=2 -N 1 --output=/scratch.global/and02709/second_python/OUT/pwr_sub_python_%A_%a.out --error=/scratch.global/and02709/second_python/ERR/pwr_sub_python_%A_%a.err  --array=1-69 --wait /scratch.global/and02709/second_python/pwr_sub_python.sh /scratch.global/and02709/second_python 100 6806 /scratch.global/and02709/second_python
sbatch: Setting account: gdc
[JOB] pwr_sub_python -> 45376741
[SCONTROL] StdOut=/scratch.global/and02709/second_python/OUT/pwr_sub_python_45376741_69.out
/scratch.global/and02709/second_python/OUT/pwr_sub_python_45376741_60.out
/scratch.global/and02709/second_python/OUT/pwr_sub_python_45376741_58.out
/scratch.global/and02709/second_python/OUT/pwr_sub_python_45376741_57.out
/scratch.global/and02709/second_python/OUT/pwr_sub_python_45376741_55.out
[SCONTROL] StdErr=/scratch.global/and02709/second_python/ERR/pwr_sub_python_45376741_69.err
/scratch.global/and02709/second_python/ERR/pwr_sub_python_45376741_60.err
/scratch.global/and02709/second_python/ERR/pwr_sub_python_45376741_58.err
/scratch.global/and02709/second_python/ERR/pwr_sub_python_45376741_57.err
/scratch.global/and02709/second_python/ERR/pwr_sub_python_45376741_55.err
[SUBMIT] combine_data
  script: --wait /scratch.global/and02709/second_python/combine_data.sh /scratch.global/and02709/second_python /scratch.global/and02709/second_python
  out:    /scratch.global/and02709/second_python/OUT/combine_data_%A_%a.out
  err:    /scratch.global/and02709/second_python/ERR/combine_data_%A_%a.err
  extra:  <none>
[CMD] sbatch --parsable --chdir=/scratch.global/and02709/second_python/pwr_data --time=1:00:00 --mem=64GB --cpus-per-task=4 -N 1 --output=/scratch.global/and02709/second_python/OUT/combine_data_%A_%a.out --error=/scratch.global/and02709/second_python/ERR/combine_data_%A_%a.err  --wait /scratch.global/and02709/second_python/combine_data.sh /scratch.global/and02709/second_python /scratch.global/and02709/second_python
sbatch: Setting account: gdc
[JOB] combine_data -> 45394578
[SCONTROL] StdOut=/scratch.global/and02709/second_python/OUT/combine_data_45394578_4294967294.out
[SCONTROL] StdErr=/scratch.global/and02709/second_python/ERR/combine_data_45394578_4294967294.err
[INFO] full_*_cov.npy count=10
[SUBMIT] ridge
  script: --wait /scratch.global/and02709/second_python/ridge.sh /scratch.global/and02709/second_python /scratch.global/and02709/second_python
  out:    /scratch.global/and02709/second_python/OUT/ridge_%A_%a.out
  err:    /scratch.global/and02709/second_python/ERR/ridge_%A_%a.err
  extra:  <none>
[CMD] sbatch --parsable --chdir=/scratch.global/and02709/second_python/pwr_data --time=8:00:00 --mem=64GB --cpus-per-task=2 -N 1 --output=/scratch.global/and02709/second_python/OUT/ridge_%A_%a.out --error=/scratch.global/and02709/second_python/ERR/ridge_%A_%a.err  --wait /scratch.global/and02709/second_python/ridge.sh /scratch.global/and02709/second_python /scratch.global/and02709/second_python
sbatch: Setting account: gdc
[JOB] ridge -> 45395907
[SCONTROL] StdOut=/scratch.global/and02709/second_python/OUT/ridge_45395907_4294967294.out
[SCONTROL] StdErr=/scratch.global/and02709/second_python/ERR/ridge_45395907_4294967294.err
[INFO] NUMFILES=10
[SUBMIT] cvGen
  script: --array=1-10 --wait /scratch.global/and02709/second_python/cvGen.sh /scratch.global/and02709/second_python /scratch.global/and02709/second_python 10 5
  out:    /scratch.global/and02709/second_python/OUT/cvGen_%A_%a.out
  err:    /scratch.global/and02709/second_python/ERR/cvGen_%A_%a.err
  extra:  <none>
[CMD] sbatch --parsable --chdir=/scratch.global/and02709/second_python/pwr_data --time=1:00:00 --mem=16GB --cpus-per-task=2 -N 1 --output=/scratch.global/and02709/second_python/OUT/cvGen_%A_%a.out --error=/scratch.global/and02709/second_python/ERR/cvGen_%A_%a.err  --array=1-10 --wait /scratch.global/and02709/second_python/cvGen.sh /scratch.global/and02709/second_python /scratch.global/and02709/second_python 10 5
sbatch: Setting account: gdc
[JOB] cvGen -> 45395912
[SCONTROL] StdOut=/scratch.global/and02709/second_python/OUT/cvGen_45395912_10.out
/scratch.global/and02709/second_python/OUT/cvGen_45395912_9.out
/scratch.global/and02709/second_python/OUT/cvGen_45395912_8.out
/scratch.global/and02709/second_python/OUT/cvGen_45395912_7.out
/scratch.global/and02709/second_python/OUT/cvGen_45395912_6.out
/scratch.global/and02709/second_python/OUT/cvGen_45395912_5.out
/scratch.global/and02709/second_python/OUT/cvGen_45395912_4.out
/scratch.global/and02709/second_python/OUT/cvGen_45395912_3.out
/scratch.global/and02709/second_python/OUT/cvGen_45395912_2.out
/scratch.global/and02709/second_python/OUT/cvGen_45395912_1.out
[SCONTROL] StdErr=/scratch.global/and02709/second_python/ERR/cvGen_45395912_10.err
/scratch.global/and02709/second_python/ERR/cvGen_45395912_9.err
/scratch.global/and02709/second_python/ERR/cvGen_45395912_8.err
/scratch.global/and02709/second_python/ERR/cvGen_45395912_7.err
/scratch.global/and02709/second_python/ERR/cvGen_45395912_6.err
/scratch.global/and02709/second_python/ERR/cvGen_45395912_5.err
/scratch.global/and02709/second_python/ERR/cvGen_45395912_4.err
/scratch.global/and02709/second_python/ERR/cvGen_45395912_3.err
/scratch.global/and02709/second_python/ERR/cvGen_45395912_2.err
/scratch.global/and02709/second_python/ERR/cvGen_45395912_1.err
[SUBMIT] setupCVmetrics
  script: --wait /scratch.global/and02709/second_python/setupCVmetrics.sh /scratch.global/and02709/second_python /scratch.global/and02709/second_python
  out:    /scratch.global/and02709/second_python/OUT/setupCVmetrics_%A_%a.out
  err:    /scratch.global/and02709/second_python/ERR/setupCVmetrics_%A_%a.err
  extra:  <none>
[CMD] sbatch --parsable --chdir=/scratch.global/and02709/second_python/pwr_data --time=1:00:00 --mem=16GB --cpus-per-task=2 -N 1 --output=/scratch.global/and02709/second_python/OUT/setupCVmetrics_%A_%a.out --error=/scratch.global/and02709/second_python/ERR/setupCVmetrics_%A_%a.err  --wait /scratch.global/and02709/second_python/setupCVmetrics.sh /scratch.global/and02709/second_python /scratch.global/and02709/second_python
sbatch: Setting account: gdc
[JOB] setupCVmetrics -> 45396305
[SCONTROL] StdOut=/scratch.global/and02709/second_python/OUT/setupCVmetrics_45396305_4294967294.out
[SCONTROL] StdErr=/scratch.global/and02709/second_python/ERR/setupCVmetrics_45396305_4294967294.err
[INFO] NUMFFILES=50
[SUBMIT] cv
  script: --array=1-50 --wait /scratch.global/and02709/second_python/cv.sh /scratch.global/and02709/second_python /scratch.global/and02709/second_python 10 5 1
  out:    /scratch.global/and02709/second_python/OUT/cv_%A_%a.out
  err:    /scratch.global/and02709/second_python/ERR/cv_%A_%a.err
  extra:  <none>
[CMD] sbatch --parsable --chdir=/scratch.global/and02709/second_python/pwr_data --time=2:00:00 --mem=32GB --cpus-per-task=2 -N 1 --output=/scratch.global/and02709/second_python/OUT/cv_%A_%a.out --error=/scratch.global/and02709/second_python/ERR/cv_%A_%a.err  --array=1-50 --wait /scratch.global/and02709/second_python/cv.sh /scratch.global/and02709/second_python /scratch.global/and02709/second_python 10 5 1
sbatch: Setting account: gdc
